Running: C:\Xilinx\14.7\ISE_DS\ISE\bin\nt64\unwrapped\fuse.exe -intstyle ise -incremental -lib secureip -o C:/SoundboxProject/Source/soundbox-vhdl/ISEProject/Soundbox/ClockDivider_tb_isim_beh.exe -prj C:/SoundboxProject/Source/soundbox-vhdl/ISEProject/Soundbox/ClockDivider_tb_beh.prj work.ClockDivider_tb 
ISim P.20131013 (signature 0x7708f090)
Number of CPUs detected in this system: 4
Turning on mult-threading, number of parallel sub-compilation jobs: 8 
Determining compilation order of HDL files
Parsing VHDL file "C:/SoundboxProject/Source/soundbox-vhdl/ISEProject/Soundbox/Source/Utilities/ClockDivider.vhd" into library work
Parsing VHDL file "C:/SoundboxProject/Source/soundbox-vhdl/ISEProject/Soundbox/Source/Utilities/ClockDivider_tb.vhd" into library work
Starting static elaboration
Completed static elaboration
Compiling package standard
Compiling package std_logic_1164
Compiling package numeric_std
Compiling architecture arch of entity ClockDivider [\ClockDivider(4)\]
Compiling architecture behavior of entity clockdivider_tb
Time Resolution for simulation is 1ps.
Waiting for 1 sub-compilation(s) to finish...
Compiled 6 VHDL Units
Built simulation executable C:/SoundboxProject/Source/soundbox-vhdl/ISEProject/Soundbox/ClockDivider_tb_isim_beh.exe
Fuse Memory Usage: 34208 KB
Fuse CPU Usage: 780 ms
